[debug] [2022-08-05T14:15:19.172Z] ----------------------------------------------------------------------
[debug] [2022-08-05T14:15:19.176Z] Command:       C:\Program Files\nodejs\node.exe C:\Users\hp\AppData\Roaming\npm\node_modules\firebase-tools\lib\bin\firebase.js init
[debug] [2022-08-05T14:15:19.177Z] CLI Version:   11.4.2
[debug] [2022-08-05T14:15:19.177Z] Platform:      win32
[debug] [2022-08-05T14:15:19.177Z] Node Version:  v14.18.1
[debug] [2022-08-05T14:15:19.179Z] Time:          Fri Aug 05 2022 19:45:19 GMT+0530 (India Standard Time)
[debug] [2022-08-05T14:15:19.179Z] ----------------------------------------------------------------------
[debug] 
[debug] [2022-08-05T14:15:19.196Z] > command requires scopes: ["email","openid","https://www.googleapis.com/auth/cloudplatformprojects.readonly","https://www.googleapis.com/auth/firebase","https://www.googleapis.com/auth/cloud-platform"]
[debug] [2022-08-05T14:15:19.197Z] > authorizing via signed-in user (manumadhu1425@gmail.com)
[info] 
     ######## #### ########  ######## ########     ###     ######  ########
     ##        ##  ##     ## ##       ##     ##  ##   ##  ##       ##
     ######    ##  ########  ######   ########  #########  ######  ######
     ##        ##  ##    ##  ##       ##     ## ##     ##       ## ##
     ##       #### ##     ## ######## ########  ##     ##  ######  ########

You're about to initialize a Firebase project in this directory:

  C:\Users\hp\Desktop\Projects\Web\animated-taskList

[info] 
=== Project Setup
[info] 
[info] First, let's associate this project directory with a Firebase project.
[info] You can create multiple project aliases by running firebase use --add, 
[info] but for now we'll just set up a default project.
[info] 
[debug] [2022-08-05T14:15:52.024Z] >>> [apiv2][query] GET https://firebase.googleapis.com/v1beta1/projects pageSize=100
[debug] [2022-08-05T14:15:55.493Z] <<< [apiv2][status] GET https://firebase.googleapis.com/v1beta1/projects 200
[debug] [2022-08-05T14:15:55.494Z] <<< [apiv2][body] GET https://firebase.googleapis.com/v1beta1/projects [omitted]
[info] i  Using project animation-tasklist (animation-tasklist) 
[info] 
=== Hosting Setup
[info] 
[info] Your public directory is the folder (relative to your project directory) that
[info] will contain Hosting assets to be uploaded with firebase deploy. If you
[info] have a build process for your assets, use your build's output directory.
[info] 
[info] +  Wrote public/404.html 
[debug] [2022-08-05T14:16:20.489Z] >>> [apiv2][query] GET https://www.gstatic.com/firebasejs/releases.json [none]
[debug] [2022-08-05T14:16:20.910Z] <<< [apiv2][status] GET https://www.gstatic.com/firebasejs/releases.json 200
[debug] [2022-08-05T14:16:20.911Z] <<< [apiv2][body] GET https://www.gstatic.com/firebasejs/releases.json {"current":{"version":"9.9.2","browserURL":"https://www.gstatic.com/firebasejs/9.9.2/firebase.js","packageURL":"https://www.gstatic.com/firebasejs/9.9.2/firebase.tgz"},"live":{"version":"9.9","browserURL":"https://www.gstatic.com/firebasejs/live/9.9/firebase.js","packageURL":"https://www.gstatic.com/firebasejs/live/9.9/firebase.tgz"},"components":{"analytics":"https://www.gstatic.com/firebasejs/9.9.2/firebase-analytics.js","app":"https://www.gstatic.com/firebasejs/9.9.2/firebase-app.js","app-check":"https://www.gstatic.com/firebasejs/9.9.2/firebase-app-check.js","auth":"https://www.gstatic.com/firebasejs/9.9.2/firebase-auth.js","auth/cordova":"https://www.gstatic.com/firebasejs/9.9.2/firebase-auth/cordova.js","auth/react-native":"https://www.gstatic.com/firebasejs/9.9.2/firebase-auth/react-native.js","functions":"https://www.gstatic.com/firebasejs/9.9.2/firebase-functions.js","firestore":"https://www.gstatic.com/firebasejs/9.9.2/firebase-firestore.js","firestore/lite":"https://www.gstatic.com/firebasejs/9.9.2/firebase-firestore/lite.js","installations":"https://www.gstatic.com/firebasejs/9.9.2/firebase-installations.js","storage":"https://www.gstatic.com/firebasejs/9.9.2/firebase-storage.js","performance":"https://www.gstatic.com/firebasejs/9.9.2/firebase-performance.js","remote-config":"https://www.gstatic.com/firebasejs/9.9.2/firebase-remote-config.js","messaging":"https://www.gstatic.com/firebasejs/9.9.2/firebase-messaging.js","messaging/sw":"https://www.gstatic.com/firebasejs/9.9.2/firebase-messaging/sw.js","database":"https://www.gstatic.com/firebasejs/9.9.2/firebase-database.js","firestore.memory":"https://www.gstatic.com/firebasejs/9.9.2/firebase-firestore.memory.js"}}
[info] +  Wrote public/index.html 
[info] 
[info] i  Detected a .git folder at C:\Users\hp\Desktop\Projects\Web\animated-taskList 
[info] i  Authorizing with GitHub to upload your service account to a GitHub repository's secrets store. 
[info] 
[info] Visit this URL on this device to log in:
[info] https://github.com/login/oauth/authorize?client_id=89cf50f02ac6aaed3484&state=132733485&redirect_uri=http%3A%2F%2Flocalhost%3A9005&scope=read%3Auser%20repo%20public_repo
[info] 
[info] Waiting for authentication...
[debug] [2022-08-05T14:16:22.567Z] >>> [apiv2][query] POST https://github.com/login/oauth/access_token [none]
[debug] [2022-08-05T14:16:22.567Z] >>> [apiv2][body] POST https://github.com/login/oauth/access_token [stream]
[debug] [2022-08-05T14:16:22.967Z] <<< [apiv2][status] POST https://github.com/login/oauth/access_token 200
[debug] [2022-08-05T14:16:22.967Z] <<< [apiv2][body] POST https://github.com/login/oauth/access_token {"access_token":"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","token_type":"bearer","scope":"read:user,repo"}
[debug] [2022-08-05T14:16:22.986Z] >>> [apiv2][query] GET https://api.github.com/user [none]
[debug] [2022-08-05T14:16:23.416Z] <<< [apiv2][status] GET https://api.github.com/user 200
[debug] [2022-08-05T14:16:23.417Z] <<< [apiv2][body] GET https://api.github.com/user {"login":"Manoj-14","id":55493651,"node_id":"MDQ6VXNlcjU1NDkzNjUx","avatar_url":"https://avatars.githubusercontent.com/u/55493651?v=4","gravatar_id":"","url":"https://api.github.com/users/Manoj-14","html_url":"https://github.com/Manoj-14","followers_url":"https://api.github.com/users/Manoj-14/followers","following_url":"https://api.github.com/users/Manoj-14/following{/other_user}","gists_url":"https://api.github.com/users/Manoj-14/gists{/gist_id}","starred_url":"https://api.github.com/users/Manoj-14/starred{/owner}{/repo}","subscriptions_url":"https://api.github.com/users/Manoj-14/subscriptions","organizations_url":"https://api.github.com/users/Manoj-14/orgs","repos_url":"https://api.github.com/users/Manoj-14/repos","events_url":"https://api.github.com/users/Manoj-14/events{/privacy}","received_events_url":"https://api.github.com/users/Manoj-14/received_events","type":"User","site_admin":false,"name":"Manoj M","company":null,"blog":"","location":null,"email":null,"hireable":true,"bio":"Aspiring Full stack developer || UI and UX designer","twitter_username":null,"public_repos":32,"public_gists":1,"followers":4,"following":1,"created_at":"2019-09-18T12:29:37Z","updated_at":"2022-07-25T11:47:19Z","private_gists":0,"total_private_repos":5,"owned_private_repos":5,"disk_usage":156619,"collaborators":0,"two_factor_authentication":false,"plan":{"name":"pro","space":976562499,"collaborators":0,"private_repos":9999}}
[info] 
[info] +  Success! Logged into GitHub as Manoj-14 
[info] 
[debug] [2022-08-05T14:16:38.950Z] >>> [apiv2][query] GET https://api.github.com/repos//actions/secrets/public-key type=owner
[debug] [2022-08-05T14:16:39.593Z] <<< [apiv2][status] GET https://api.github.com/repos//actions/secrets/public-key 404
[debug] [2022-08-05T14:16:39.593Z] <<< [apiv2][body] GET https://api.github.com/repos//actions/secrets/public-key {"message":"Not Found","documentation_url":"https://docs.github.com/rest"}
[debug] [2022-08-05T14:16:42.574Z] >>> [apiv2][query] GET https://api.github.com/repos//actions/secrets/public-key type=owner
[debug] [2022-08-05T14:16:42.887Z] <<< [apiv2][status] GET https://api.github.com/repos//actions/secrets/public-key 404
[debug] [2022-08-05T14:16:42.887Z] <<< [apiv2][body] GET https://api.github.com/repos//actions/secrets/public-key {"message":"Not Found","documentation_url":"https://docs.github.com/rest"}
[debug] [2022-08-05T14:16:50.116Z] >>> [apiv2][query] GET https://api.github.com/repos/n/actions/secrets/public-key type=owner
[debug] [2022-08-05T14:16:50.447Z] <<< [apiv2][status] GET https://api.github.com/repos/n/actions/secrets/public-key 404
[debug] [2022-08-05T14:16:50.448Z] <<< [apiv2][body] GET https://api.github.com/repos/n/actions/secrets/public-key {"message":"Not Found","documentation_url":"https://docs.github.com/rest"}
